<?xml version="1.0" encoding="UTF-8"?>
<testng-results skipped="0" failed="0" ignored="0" total="3" passed="3">
  <reporter-output>
  </reporter-output>
  <suite name="Default suite" duration-ms="7524" started-at="2021-07-03T15:39:12Z" finished-at="2021-07-03T15:39:20Z">
    <groups>
    </groups>
    <test name="Default test" duration-ms="7524" started-at="2021-07-03T15:39:12Z" finished-at="2021-07-03T15:39:20Z">
      <class name="com.jakartalabs.rest.assured.tests.APITests">
        <test-method status="PASS" signature="signUp()[pri:1, instance:com.jakartalabs.rest.assured.tests.APITests@4bff1903]" name="signUp" duration-ms="4308" started-at="2021-07-03T15:39:12Z" finished-at="2021-07-03T15:39:16Z">
          <reporter-output>
          </reporter-output>
        </test-method> <!-- signUp -->
        <test-method status="PASS" signature="profileAPI()[pri:2, instance:com.jakartalabs.rest.assured.tests.APITests@4bff1903]" name="profileAPI" duration-ms="1868" started-at="2021-07-03T15:39:16Z" finished-at="2021-07-03T15:39:18Z">
          <reporter-output>
          </reporter-output>
        </test-method> <!-- profileAPI -->
        <test-method status="PASS" signature="logOutAPI()[pri:3, instance:com.jakartalabs.rest.assured.tests.APITests@4bff1903]" name="logOutAPI" duration-ms="1307" started-at="2021-07-03T15:39:18Z" finished-at="2021-07-03T15:39:20Z">
          <reporter-output>
          </reporter-output>
        </test-method> <!-- logOutAPI -->
      </class> <!-- com.jakartalabs.rest.assured.tests.APITests -->
    </test> <!-- Default test -->
  </suite> <!-- Default suite -->
</testng-results>
